INFO	2021-08-11 14:03:12,364	0	com.yash.carinformation.main.CarApp	[main]	DataBase Connected
INFO	2021-08-11 14:03:39,431	0	com.yash.carinformation.main.CarApp	[main]	DataBase Connected
INFO	2021-08-11 14:06:58,155	0	com.yash.carinformation.main.CarApp	[main]	DataBase Connected
INFO	2021-08-11 14:09:11,931	0	com.yash.carinformation.main.CarApp	[main]	DataBase Connected
INFO	2021-08-11 14:09:37,851	0	com.yash.carinformation.main.CarApp	[main]	DataBase Connected
INFO	2021-08-11 14:17:46,450	0	com.yash.carinformation.main.CarApp	[main]	DataBase Connected
INFO	2021-08-11 14:18:54,541	0	com.yash.carinformation.main.CarApp	[main]	DataBase Connected
INFO	2021-08-11 14:22:24,328	0	com.yash.carinformation.main.CarApp	[main]	DataBase Connected
INFO	2021-08-11 14:24:16,544	0	com.yash.carinformation.main.CarApp	[main]	DataBase Connected
INFO	2021-08-11 14:26:36,278	1	com.yash.carinformation.main.CarApp	[main]	DataBase Connected
INFO	2021-08-11 14:31:48,895	0	com.yash.carinformation.main.CarApp	[main]	DataBase Connected
INFO	2021-08-11 14:33:19,789	0	com.yash.carinformation.main.CarApp	[main]	DataBase Connected
INFO	2021-08-11 14:34:55,460	0	com.yash.carinformation.main.CarApp	[main]	DataBase Connected
INFO	2021-08-11 14:35:19,835	0	com.yash.carinformation.main.CarApp	[main]	DataBase Connected
INFO	2021-08-11 14:40:58,231	0	com.yash.carinformation.main.CarApp	[main]	DataBase Connected
INFO	2021-08-11 14:40:58,235	4	com.yash.carinformation.main.CarApp	[main]	101 Madhav Maruti 78965
INFO	2021-08-11 14:40:58,235	4	com.yash.carinformation.main.CarApp	[main]	102 Atul Hyundai 90765
INFO	2021-08-11 14:40:58,235	4	com.yash.carinformation.main.CarApp	[main]	103 Arjun Maruti 89760
INFO	2021-08-11 14:40:58,235	4	com.yash.carinformation.main.CarApp	[main]	104 Manish Maruti 78654
INFO	2021-08-11 14:40:58,235	4	com.yash.carinformation.main.CarApp	[main]	105 Gagan Hyundai 67890
INFO	2021-08-11 14:43:03,102	0	com.yash.carinformation.main.CarApp	[main]	DataBase Connected
INFO	2021-08-11 14:43:03,112	10	com.yash.carinformation.main.CarApp	[main]	101 Madhav Maruti 78965
INFO	2021-08-11 14:43:03,112	10	com.yash.carinformation.main.CarApp	[main]	102 Atul Hyundai 90765
INFO	2021-08-11 14:43:03,112	10	com.yash.carinformation.main.CarApp	[main]	103 Arjun Hyundai 89760
INFO	2021-08-11 14:43:03,112	10	com.yash.carinformation.main.CarApp	[main]	104 Manish Maruti 78654
INFO	2021-08-11 14:43:03,112	10	com.yash.carinformation.main.CarApp	[main]	105 Gagan Hyundai 67890
INFO	2021-08-11 14:44:27,906	0	com.yash.carinformation.main.CarApp	[main]	DataBase Connected
INFO	2021-08-11 14:44:27,918	12	com.yash.carinformation.main.CarApp	[main]	101 Madhav Maruti 78965
INFO	2021-08-11 14:44:27,918	12	com.yash.carinformation.main.CarApp	[main]	102 Atul Hyundai 90765
INFO	2021-08-11 14:44:27,919	13	com.yash.carinformation.main.CarApp	[main]	103 Arjun Hyundai 89760
INFO	2021-08-11 14:44:27,919	13	com.yash.carinformation.main.CarApp	[main]	104 Manish Maruti 78654
INFO	2021-08-11 14:44:27,919	13	com.yash.carinformation.main.CarApp	[main]	105 Gagan Hyundai 67890
INFO	2021-08-11 14:49:25,567	0	com.yash.carinformation.main.CarApp	[main]	DataBase Connected
INFO	2021-08-11 14:49:50,342	0	com.yash.carinformation.main.CarApp	[main]	DataBase Connected
INFO	2021-08-11 14:49:50,350	8	com.yash.carinformation.main.CarApp	[main]	101 Madhav Maruti 78965
INFO	2021-08-11 14:49:50,350	8	com.yash.carinformation.main.CarApp	[main]	102 Atul Hyundai 90765
INFO	2021-08-11 14:49:50,350	8	com.yash.carinformation.main.CarApp	[main]	103 Arjun Hyundai 89760
INFO	2021-08-11 14:49:50,350	8	com.yash.carinformation.main.CarApp	[main]	105 Gagan Hyundai 67890
INFO	2021-08-11 14:50:27,229	0	com.yash.carinformation.main.CarApp	[main]	DataBase Connected
INFO	2021-08-11 14:50:27,237	8	com.yash.carinformation.main.CarApp	[main]	101 Madhav Maruti 78965
INFO	2021-08-11 14:50:27,237	8	com.yash.carinformation.main.CarApp	[main]	102 Atul Hyundai 90765
INFO	2021-08-11 14:50:27,237	8	com.yash.carinformation.main.CarApp	[main]	103 Arjun Hyundai 89760
INFO	2021-08-11 14:50:27,237	8	com.yash.carinformation.main.CarApp	[main]	104 Manish Maruti 78654
INFO	2021-08-11 14:50:27,238	9	com.yash.carinformation.main.CarApp	[main]	105 Gagan Hyundai 67890
INFO	2021-08-11 14:59:50,736	0	com.yash.carinformation.main.CarApp	[main]	DataBase Connected
INFO	2021-08-11 14:59:50,737	1	com.yash.carinformation.main.CarApp	[main]	101 Madhav Maruti 78965
INFO	2021-08-11 14:59:50,737	1	com.yash.carinformation.main.CarApp	[main]	102 Atul Hyundai 90765
INFO	2021-08-11 14:59:50,737	1	com.yash.carinformation.main.CarApp	[main]	103 Arjun Hyundai 89760
INFO	2021-08-11 14:59:50,737	1	com.yash.carinformation.main.CarApp	[main]	104 Manish Maruti 78654
INFO	2021-08-11 14:59:50,737	1	com.yash.carinformation.main.CarApp	[main]	105 Gagan Hyundai 67890
INFO	2021-08-11 15:05:43,410	0	com.yash.carinformation.main.CarApp	[main]	DataBase Connected
INFO	2021-08-11 15:05:43,410	0	com.yash.carinformation.main.CarApp	[main]	101 Madhav Maruti 78965
INFO	2021-08-11 15:05:43,410	0	com.yash.carinformation.main.CarApp	[main]	102 Atul Hyundai 90765
INFO	2021-08-11 15:05:43,410	0	com.yash.carinformation.main.CarApp	[main]	103 Arjun Hyundai 89760
INFO	2021-08-11 15:05:43,410	0	com.yash.carinformation.main.CarApp	[main]	104 Manish Maruti 78654
INFO	2021-08-11 15:05:43,410	0	com.yash.carinformation.main.CarApp	[main]	105 Gagan Hyundai 67890
INFO	2021-08-11 15:17:33,069	0	com.yash.carinformation.main.CarApp	[main]	DataBase Connected
INFO	2021-08-11 15:17:33,511	0	com.yash.carinformation.main.CarApp	[main]	DataBase Connected
INFO	2021-08-11 15:18:11,898	0	com.yash.carinformation.main.CarApp	[main]	DataBase Connected
INFO	2021-08-11 15:18:33,709	0	com.yash.carinformation.main.CarApp	[main]	DataBase Connected
INFO	2021-08-11 15:21:06,468	0	com.yash.carinformation.main.CarApp	[main]	DataBase Connected
INFO	2021-08-11 15:22:01,084	0	com.yash.carinformation.main.CarApp	[main]	DataBase Connected
INFO	2021-08-11 15:24:28,438	0	com.yash.carinformation.main.CarApp	[main]	DataBase Connected
INFO	2021-08-11 15:28:15,216	0	com.yash.carinformation.main.CarApp	[main]	DataBase Connected
INFO	2021-08-11 15:30:09,856	0	com.yash.carinformation.main.CarApp	[main]	DataBase Connected
INFO	2021-08-11 15:30:23,412	0	com.yash.carinformation.main.CarApp	[main]	DataBase Connected
INFO	2021-08-11 15:40:40,862	0	com.yash.carinformation.main.CarApp	[main]	DataBase Connected
INFO	2021-08-11 15:41:35,444	0	com.yash.carinformation.main.CarApp	[main]	DataBase Connected
INFO	2021-08-11 15:42:28,411	1	com.yash.carinformation.main.CarApp	[main]	DataBase Connected
INFO	2021-08-11 15:43:01,835	0	com.yash.carinformation.main.CarApp	[main]	DataBase Connected
INFO	2021-08-11 15:43:38,653	0	com.yash.carinformation.main.CarApp	[main]	DataBase Connected
INFO	2021-08-11 15:48:22,247	0	com.yash.carinformation.main.CarApp	[main]	DataBase Connected
INFO	2021-08-11 15:48:36,469	0	com.yash.carinformation.main.CarApp	[main]	DataBase Connected
INFO	2021-08-11 15:50:02,038	0	com.yash.carinformation.main.CarApp	[main]	DataBase Connected
INFO	2021-08-11 15:50:46,377	0	com.yash.carinformation.main.CarApp	[main]	DataBase Connected
INFO	2021-08-11 15:51:13,677	0	com.yash.carinformation.main.CarApp	[main]	DataBase Connected
